<?xml version="1.0" encoding="UTF-8"?>
<!-- Generated by org.testng.reporters.JUnitXMLReporter -->
<testsuite ignored="0" hostname="DESKTOP-RCMCRH0" failures="1" tests="2" name="Amazon Functional Testing 2" time="80.247" errors="0" timestamp="2021-01-10T12:02:00 IST">
  <testcase classname="com.qa.testscripts.AmazonSampleTest" name="CheckFooterlinks" time="1.3">
    <failure type="java.lang.AssertionError">
      <![CDATA[java.lang.AssertionError
at org.junit.Assert.fail(Assert.java:86)
at org.junit.Assert.assertTrue(Assert.java:41)
at org.junit.Assert.assertTrue(Assert.java:52)
at com.qa.testscripts.AmazonSampleTest.CheckFooterlinks(AmazonSampleTest.java:69)
at java.base/java.util.concurrent.ThreadPoolExecutor.runWorker(ThreadPoolExecutor.java:1130)
at java.base/java.util.concurrent.ThreadPoolExecutor$Worker.run(ThreadPoolExecutor.java:630)
at java.base/java.lang.Thread.run(Thread.java:832)
... Removed 12 stack frames]]>
    </failure>
  </testcase> <!-- CheckFooterlinks -->
  <testcase classname="com.qa.testscripts.AmazonSampleTest" name="SearchItem" time="21.875"/>
</testsuite> <!-- Amazon Functional Testing 2 -->
