<?xml version="1.0" encoding="UTF-8"?>
<!-- Generated by org.testng.reporters.JUnitXMLReporter -->
<testsuite ignored="0" hostname="DESKTOP-RCMCRH0" failures="2" tests="2" name="Assert Demo" time="87.726" errors="0" timestamp="2021-01-10T17:04:09 IST">
  <testcase classname="com.qa.testscripts.AssertsinTestNG" name="HardAssertDemo" time="11.881">
    <failure type="java.lang.AssertionError" message="expected [Rediff.com: News | Rediffmail | Stock Quotes | Shopping] but found [Welcome to Rediff]">
      <![CDATA[java.lang.AssertionError: expected [Rediff.com: News | Rediffmail | Stock Quotes | Shopping] but found [Welcome to Rediff]
at com.qa.testscripts.AssertsinTestNG.HardAssertDemo(AssertsinTestNG.java:63)
at java.base/java.util.ArrayList.forEach(ArrayList.java:1511)
... Removed 33 stack frames]]>
    </failure>
  </testcase> <!-- HardAssertDemo -->
  <testcase classname="com.qa.testscripts.AssertsinTestNG" name="SoftassertDemo" time="21.825">
    <failure type="java.lang.AssertionError" message="The following asserts failed:
	expected [true] but found [false],
	expected [true] but found [false]">
      <![CDATA[java.lang.AssertionError: The following asserts failed:
expected [true] but found [false],
expected [true] but found [false]
at com.qa.testscripts.AssertsinTestNG.SoftassertDemo(AssertsinTestNG.java:97)
at java.base/java.util.ArrayList.forEach(ArrayList.java:1511)
... Removed 29 stack frames]]>
    </failure>
  </testcase> <!-- SoftassertDemo -->
</testsuite> <!-- Assert Demo -->
